<?xml version="1.0" encoding="UTF-8"?>
<testsuite xmlns:xsi="http://www.w3.org/2001/XMLSchema-instance" xsi:noNamespaceSchemaLocation="https://maven.apache.org/surefire/maven-surefire-plugin/xsd/surefire-test-report-3.0.xsd" version="3.0" name="runners.TestRunner" time="0.208" tests="1" errors="0" skipped="0" failures="0">
  <properties>
[...]
</properties>
  <testcase name="Realizar una búsqueda" classname="Búsqueda en Google" time="0.096">
    <system-out><![CDATA[Abrimos Navegador Chrome
Ingresando Texto de busqueda : CUCUMBER
Presionar tecla Enter
Validar resultado de busqueda.
]]></system-out>
  </testcase>
</testsuite>